mode: set
weather-service/internal/handler/mapper.go:9.96,22.2 3 1
weather-service/internal/handler/mapper.go:24.75,30.2 1 1
weather-service/internal/handler/weatherService.go:32.71,37.2 1 1
weather-service/internal/handler/weatherService.go:39.139,50.28 5 1
weather-service/internal/handler/weatherService.go:50.28,52.3 1 1
weather-service/internal/handler/weatherService.go:54.2,54.16 1 1
weather-service/internal/handler/weatherService.go:54.16,56.3 1 0
weather-service/internal/handler/weatherService.go:58.2,59.16 2 1
weather-service/internal/handler/weatherService.go:59.16,61.3 1 0
weather-service/internal/handler/weatherService.go:63.2,64.30 2 1
weather-service/internal/handler/weatherService.go:64.30,66.3 1 1
weather-service/internal/handler/weatherService.go:68.2,69.38 2 1
weather-service/internal/handler/weatherService.go:69.38,71.3 1 1
weather-service/internal/handler/weatherService.go:73.2,74.90 2 1
weather-service/internal/handler/weatherService.go:74.90,79.3 2 1
weather-service/internal/handler/weatherService.go:81.2,85.16 3 1
weather-service/internal/handler/weatherService.go:85.16,88.3 2 1
weather-service/internal/handler/weatherService.go:89.2,89.37 1 1
weather-service/internal/handler/weatherService.go:89.37,92.3 2 1
weather-service/internal/handler/weatherService.go:94.2,104.21 3 1
weather-service/internal/handler/weatherService.go:107.73,108.29 1 1
weather-service/internal/handler/weatherService.go:108.29,112.17 4 1
weather-service/internal/handler/weatherService.go:112.17,114.4 1 0
weather-service/internal/handler/weatherService.go:118.80,120.16 2 1
weather-service/internal/handler/weatherService.go:120.16,123.3 2 0
weather-service/internal/handler/weatherService.go:125.2,129.8 1 1
